  Write.cpp
c:\users\funne\onedrive\dokument\custom-exporter\fbx importer.exporter\write.cpp(14): warning C4018: '<': signed/unsigned mismatch
c:\users\funne\onedrive\dokument\custom-exporter\fbx importer.exporter\write.cpp(26): warning C4018: '<': signed/unsigned mismatch
c:\users\funne\onedrive\dokument\custom-exporter\fbx importer.exporter\write.cpp(36): warning C4018: '<': signed/unsigned mismatch
c:\users\funne\onedrive\dokument\custom-exporter\fbx importer.exporter\write.cpp(49): warning C4018: '<': signed/unsigned mismatch
c:\users\funne\onedrive\dokument\custom-exporter\fbx importer.exporter\write.cpp(55): warning C4018: '<': signed/unsigned mismatch
c:\users\funne\onedrive\dokument\custom-exporter\fbx importer.exporter\write.cpp(62): warning C4018: '<': signed/unsigned mismatch
c:\users\funne\onedrive\dokument\custom-exporter\fbx importer.exporter\write.cpp(70): warning C4018: '<': signed/unsigned mismatch
c:\users\funne\onedrive\dokument\custom-exporter\fbx importer.exporter\write.cpp(79): warning C4018: '<': signed/unsigned mismatch
c:\users\funne\onedrive\dokument\custom-exporter\fbx importer.exporter\write.cpp(85): warning C4018: '<': signed/unsigned mismatch
c:\users\funne\onedrive\dokument\custom-exporter\fbx importer.exporter\write.cpp(90): warning C4018: '<': signed/unsigned mismatch
c:\users\funne\onedrive\dokument\custom-exporter\fbx importer.exporter\write.cpp(99): warning C4018: '<': signed/unsigned mismatch
c:\users\funne\onedrive\dokument\custom-exporter\fbx importer.exporter\write.cpp(107): warning C4018: '<': signed/unsigned mismatch
c:\users\funne\onedrive\dokument\custom-exporter\fbx importer.exporter\write.cpp(115): warning C4018: '<': signed/unsigned mismatch
c:\users\funne\onedrive\dokument\custom-exporter\fbx importer.exporter\write.cpp(118): warning C4018: '<': signed/unsigned mismatch
  FbxObjects.cpp
c:\users\funne\onedrive\dokument\custom-exporter\fbx importer.exporter\fbxobjects.cpp(113): warning C4244: '=': conversion from 'double' to 'float', possible loss of data
c:\users\funne\onedrive\dokument\custom-exporter\fbx importer.exporter\fbxobjects.cpp(259): warning C4244: '=': conversion from 'fbxsdk::FbxDouble' to 'float', possible loss of data
c:\users\funne\onedrive\dokument\custom-exporter\fbx importer.exporter\fbxobjects.cpp(260): warning C4244: '=': conversion from 'fbxsdk::FbxDouble' to 'float', possible loss of data
c:\users\funne\onedrive\dokument\custom-exporter\fbx importer.exporter\fbxobjects.cpp(261): warning C4244: '=': conversion from 'fbxsdk::FbxDouble' to 'float', possible loss of data
c:\users\funne\onedrive\dokument\custom-exporter\fbx importer.exporter\fbxobjects.cpp(307): warning C4244: '=': conversion from 'fbxsdk::FbxDouble' to 'float', possible loss of data
c:\users\funne\onedrive\dokument\custom-exporter\fbx importer.exporter\fbxobjects.cpp(308): warning C4244: '=': conversion from 'fbxsdk::FbxDouble' to 'float', possible loss of data
c:\users\funne\onedrive\dokument\custom-exporter\fbx importer.exporter\fbxobjects.cpp(327): warning C4244: '=': conversion from 'fbxsdk::FbxDouble' to 'float', possible loss of data
c:\users\funne\onedrive\dokument\custom-exporter\fbx importer.exporter\fbxobjects.cpp(328): warning C4244: '=': conversion from 'fbxsdk::FbxDouble' to 'float', possible loss of data
c:\users\funne\onedrive\dokument\custom-exporter\fbx importer.exporter\fbxobjects.cpp(363): warning C4244: '=': conversion from 'fbxsdk::FbxDouble' to 'float', possible loss of data
c:\users\funne\onedrive\dokument\custom-exporter\fbx importer.exporter\fbxobjects.cpp(364): warning C4244: '=': conversion from 'fbxsdk::FbxDouble' to 'float', possible loss of data
c:\users\funne\onedrive\dokument\custom-exporter\fbx importer.exporter\fbxobjects.cpp(365): warning C4244: '=': conversion from 'fbxsdk::FbxDouble' to 'float', possible loss of data
c:\users\funne\onedrive\dokument\custom-exporter\fbx importer.exporter\fbxobjects.cpp(389): warning C4244: '=': conversion from 'fbxsdk::FbxDouble' to 'float', possible loss of data
c:\users\funne\onedrive\dokument\custom-exporter\fbx importer.exporter\fbxobjects.cpp(390): warning C4244: '=': conversion from 'fbxsdk::FbxDouble' to 'float', possible loss of data
c:\users\funne\onedrive\dokument\custom-exporter\fbx importer.exporter\fbxobjects.cpp(391): warning C4244: '=': conversion from 'fbxsdk::FbxDouble' to 'float', possible loss of data
c:\users\funne\onedrive\dokument\custom-exporter\fbx importer.exporter\fbxobjects.cpp(339): warning C4101: 'TanEle': unreferenced local variable
c:\users\funne\onedrive\dokument\custom-exporter\fbx importer.exporter\fbxobjects.cpp(434): warning C4244: '=': conversion from 'fbxsdk::FbxDouble' to 'float', possible loss of data
c:\users\funne\onedrive\dokument\custom-exporter\fbx importer.exporter\fbxobjects.cpp(435): warning C4244: '=': conversion from 'fbxsdk::FbxDouble' to 'float', possible loss of data
c:\users\funne\onedrive\dokument\custom-exporter\fbx importer.exporter\fbxobjects.cpp(436): warning C4244: '=': conversion from 'fbxsdk::FbxDouble' to 'float', possible loss of data
c:\users\funne\onedrive\dokument\custom-exporter\fbx importer.exporter\fbxobjects.cpp(439): warning C4244: '=': conversion from 'fbxsdk::FbxDouble' to 'float', possible loss of data
c:\users\funne\onedrive\dokument\custom-exporter\fbx importer.exporter\fbxobjects.cpp(440): warning C4244: '=': conversion from 'fbxsdk::FbxDouble' to 'float', possible loss of data
c:\users\funne\onedrive\dokument\custom-exporter\fbx importer.exporter\fbxobjects.cpp(441): warning C4244: '=': conversion from 'fbxsdk::FbxDouble' to 'float', possible loss of data
c:\users\funne\onedrive\dokument\custom-exporter\fbx importer.exporter\fbxobjects.cpp(444): warning C4244: '=': conversion from 'fbxsdk::FbxDouble' to 'float', possible loss of data
c:\users\funne\onedrive\dokument\custom-exporter\fbx importer.exporter\fbxobjects.cpp(445): warning C4244: '=': conversion from 'fbxsdk::FbxDouble' to 'float', possible loss of data
c:\users\funne\onedrive\dokument\custom-exporter\fbx importer.exporter\fbxobjects.cpp(446): warning C4244: '=': conversion from 'fbxsdk::FbxDouble' to 'float', possible loss of data
c:\users\funne\onedrive\dokument\custom-exporter\fbx importer.exporter\fbxobjects.cpp(449): warning C4244: '=': conversion from 'fbxsdk::FbxDouble' to 'float', possible loss of data
c:\users\funne\onedrive\dokument\custom-exporter\fbx importer.exporter\fbxobjects.cpp(450): warning C4244: '=': conversion from 'fbxsdk::FbxDouble' to 'float', possible loss of data
c:\users\funne\onedrive\dokument\custom-exporter\fbx importer.exporter\fbxobjects.cpp(451): warning C4244: '=': conversion from 'fbxsdk::FbxDouble' to 'float', possible loss of data
c:\users\funne\onedrive\dokument\custom-exporter\fbx importer.exporter\fbxobjects.cpp(462): warning C4244: '=': conversion from 'fbxsdk::FbxDouble' to 'float', possible loss of data
c:\users\funne\onedrive\dokument\custom-exporter\fbx importer.exporter\fbxobjects.cpp(463): warning C4244: '=': conversion from 'fbxsdk::FbxDouble' to 'float', possible loss of data
c:\users\funne\onedrive\dokument\custom-exporter\fbx importer.exporter\fbxobjects.cpp(464): warning C4244: '=': conversion from 'fbxsdk::FbxDouble' to 'float', possible loss of data
c:\users\funne\onedrive\dokument\custom-exporter\fbx importer.exporter\fbxobjects.cpp(466): warning C4244: '=': conversion from 'fbxsdk::FbxDouble' to 'float', possible loss of data
c:\users\funne\onedrive\dokument\custom-exporter\fbx importer.exporter\fbxobjects.cpp(467): warning C4244: '=': conversion from 'fbxsdk::FbxDouble' to 'float', possible loss of data
c:\users\funne\onedrive\dokument\custom-exporter\fbx importer.exporter\fbxobjects.cpp(468): warning C4244: '=': conversion from 'fbxsdk::FbxDouble' to 'float', possible loss of data
c:\users\funne\onedrive\dokument\custom-exporter\fbx importer.exporter\fbxobjects.cpp(474): warning C4244: '=': conversion from 'fbxsdk::FbxDouble' to 'float', possible loss of data
c:\users\funne\onedrive\dokument\custom-exporter\fbx importer.exporter\fbxobjects.cpp(494): warning C4244: '=': conversion from 'double' to 'float', possible loss of data
c:\users\funne\onedrive\dokument\custom-exporter\fbx importer.exporter\fbxobjects.cpp(627): warning C4244: 'argument': conversion from 'double' to 'const float', possible loss of data
c:\users\funne\onedrive\dokument\custom-exporter\fbx importer.exporter\fbxobjects.cpp(656): warning C4244: 'argument': conversion from 'fbxsdk::FbxDouble' to 'float', possible loss of data
c:\users\funne\onedrive\dokument\custom-exporter\fbx importer.exporter\fbxobjects.cpp(657): warning C4244: 'argument': conversion from 'fbxsdk::FbxDouble' to 'float', possible loss of data
c:\users\funne\onedrive\dokument\custom-exporter\fbx importer.exporter\fbxobjects.cpp(658): warning C4244: 'argument': conversion from 'fbxsdk::FbxDouble' to 'float', possible loss of data
c:\users\funne\onedrive\dokument\custom-exporter\fbx importer.exporter\fbxobjects.cpp(670): warning C4244: 'initializing': conversion from 'double' to 'float', possible loss of data
c:\users\funne\onedrive\dokument\custom-exporter\fbx importer.exporter\fbxobjects.cpp(697): warning C4018: '<': signed/unsigned mismatch
c:\users\funne\onedrive\dokument\custom-exporter\fbx importer.exporter\fbxobjects.cpp(739): warning C4101: 'sizeWeights': unreferenced local variable
c:\users\funne\onedrive\dokument\custom-exporter\fbx importer.exporter\fbxobjects.cpp(818): warning C4244: '=': conversion from 'wchar_t' to 'char', possible loss of data
c:\users\funne\onedrive\dokument\custom-exporter\fbx importer.exporter\fbxobjects.cpp(876): warning C4244: '=': conversion from 'fbxsdk::FbxDouble' to 'float', possible loss of data
c:\users\funne\onedrive\dokument\custom-exporter\fbx importer.exporter\fbxobjects.cpp(886): warning C4244: 'initializing': conversion from 'fbxsdk::FbxDouble' to 'float', possible loss of data
c:\users\funne\onedrive\dokument\custom-exporter\fbx importer.exporter\fbxobjects.cpp(904): warning C4244: '=': conversion from 'fbxsdk::FbxDouble' to 'float', possible loss of data
c:\users\funne\onedrive\dokument\custom-exporter\fbx importer.exporter\fbxobjects.cpp(905): warning C4244: '=': conversion from 'fbxsdk::FbxDouble' to 'float', possible loss of data
c:\users\funne\onedrive\dokument\custom-exporter\fbx importer.exporter\fbxobjects.cpp(915): warning C4244: 'initializing': conversion from 'fbxsdk::FbxDouble' to 'float', possible loss of data
c:\users\funne\onedrive\dokument\custom-exporter\fbx importer.exporter\fbxobjects.cpp(934): warning C4244: '=': conversion from 'fbxsdk::FbxDouble' to 'float', possible loss of data
c:\users\funne\onedrive\dokument\custom-exporter\fbx importer.exporter\fbxobjects.cpp(935): warning C4244: '=': conversion from 'fbxsdk::FbxDouble' to 'float', possible loss of data
c:\users\funne\onedrive\dokument\custom-exporter\fbx importer.exporter\fbxobjects.cpp(945): warning C4244: 'initializing': conversion from 'fbxsdk::FbxDouble' to 'float', possible loss of data
  Generating Code...
c:\users\funne\onedrive\dokument\custom-exporter\fbx importer.exporter\fbxobjects.cpp(526): warning C4715: 'FBX::findJointIndexByName': not all control paths return a value
  FBX importer.exporter.vcxproj -> C:\Users\funne\OneDrive\Dokument\Custom-exporter\Debug\FBX importer.exporter.exe
